<!DOCTYPE html>
<html>
<head>
<meta http-equiv="Content-Type" content="text/html; charset=utf-8"/>
<meta http-equiv="x-ua-compatible" content="IE=edge"/>
<title>Test results - Class com.automation.runner.GymTest</title>
<link href="../css/base-style.css" rel="stylesheet" type="text/css"/>
<link href="../css/style.css" rel="stylesheet" type="text/css"/>
<script src="../js/report.js" type="text/javascript"></script>
</head>
<body>
<div id="content">
<h1>Class com.automation.runner.GymTest</h1>
<div class="breadcrumbs">
<a href="../index.html">all</a> &gt; 
<a href="../packages/com.automation.runner.html">com.automation.runner</a> &gt; GymTest</div>
<div id="summary">
<table>
<tr>
<td>
<div class="summaryGroup">
<table>
<tr>
<td>
<div class="infoBox" id="tests">
<div class="counter">0</div>
<p>tests</p>
</div>
</td>
<td>
<div class="infoBox" id="failures">
<div class="counter">0</div>
<p>failures</p>
</div>
</td>
<td>
<div class="infoBox" id="ignored">
<div class="counter">0</div>
<p>ignored</p>
</div>
</td>
<td>
<div class="infoBox" id="duration">
<div class="counter">-</div>
<p>duration</p>
</div>
</td>
</tr>
</table>
</div>
</td>
<td>
<div class="infoBox success" id="successRate">
<div class="percent">-</div>
<p>successful</p>
</div>
</td>
</tr>
</table>
</div>
<div id="tabs">
<ul class="tabLinks">
<li>
<a href="#tab0">Tests</a>
</li>
<li>
<a href="#tab1">Standard output</a>
</li>
</ul>
<div id="tab0" class="tab">
<h2>Tests</h2>
<table>
<thead>
<tr>
<th>Test</th>
<th>Duration</th>
<th>Result</th>
</tr>
</thead>
</table>
</div>
<div id="tab1" class="tab">
<h2>Standard output</h2>
<span class="code">
<pre>Feature: Search postcode

  Scenario: I search my postocde                                ?[90m# src/test/resources/features/userSearchesNearestGym.feature:3?[0m
    ?[32mGiven ?[0m?[32mI go to the website &quot;?[0m?[32m?[1mhttps://www.nuffieldhealth.com/?[0m?[32m&quot;?[0m ?[90m# SearchSteps.i_go_to_website(String)?[0m
    ?[31mAnd ?[0m?[31mI click on &quot;?[0m?[31m?[1mGym tab?[0m?[31m&quot;?[0m                                    ?[90m# SearchSteps.i_click_on(String)?[0m
      ?[31morg.openqa.selenium.ElementClickInterceptedException: element click intercepted: Element &lt;a id=&quot;0000014c-faaa-d922-a7ed-fbef5a7f0000&quot; href=&quot;#&quot; class=&quot;nav__link&quot;&gt;...&lt;/a&gt; is not clickable at point (702, 66). Other element would receive the click: &lt;div id=&quot;ccc-overlay&quot;&gt;&lt;/div&gt;
  (Session info: chrome=98.0.4758.102)
Build info: version: '3.141.59', revision: 'e82be7d358', time: '2018-11-14T08:17:03'
System info: host: 'LAPTOP-U223GGUJ', ip: '192.168.56.1', os.name: 'Windows 10', os.arch: 'x86', os.version: '10.0', java.version: '1.8.0-332'
Driver info: org.openqa.selenium.chrome.ChromeDriver
Capabilities {acceptInsecureCerts: false, browserName: chrome, browserVersion: 98.0.4758.102, chrome: {chromedriverVersion: 98.0.4758.102 (273bf7ac8c90..., userDataDir: C:\Users\Jamzy\AppData\Loca...}, goog:chromeOptions: {debuggerAddress: localhost:51706}, javascriptEnabled: true, networkConnectionEnabled: false, pageLoadStrategy: normal, platform: WINDOWS, platformName: WINDOWS, proxy: Proxy(), setWindowRect: true, strictFileInteractability: false, timeouts: {implicit: 0, pageLoad: 300000, script: 30000}, unhandledPromptBehavior: dismiss and notify, webauthn:extension:credBlob: true, webauthn:extension:largeBlob: true, webauthn:virtualAuthenticators: true}
Session ID: 60a6eb5585da78a6d941cac802a9a784
	at sun.reflect.NativeConstructorAccessorImpl.newInstance0(Native Method)
	at sun.reflect.NativeConstructorAccessorImpl.newInstance(NativeConstructorAccessorImpl.java:62)
	at sun.reflect.DelegatingConstructorAccessorImpl.newInstance(DelegatingConstructorAccessorImpl.java:45)
	at java.lang.reflect.Constructor.newInstance(Constructor.java:423)
	at org.openqa.selenium.remote.http.W3CHttpResponseCodec.createException(W3CHttpResponseCodec.java:187)
	at org.openqa.selenium.remote.http.W3CHttpResponseCodec.decode(W3CHttpResponseCodec.java:122)
	at org.openqa.selenium.remote.http.W3CHttpResponseCodec.decode(W3CHttpResponseCodec.java:49)
	at org.openqa.selenium.remote.HttpCommandExecutor.execute(HttpCommandExecutor.java:158)
	at org.openqa.selenium.remote.service.DriverCommandExecutor.execute(DriverCommandExecutor.java:83)
	at org.openqa.selenium.remote.RemoteWebDriver.execute(RemoteWebDriver.java:552)
	at org.openqa.selenium.remote.RemoteWebElement.execute(RemoteWebElement.java:285)
	at org.openqa.selenium.remote.RemoteWebElement.click(RemoteWebElement.java:84)
	at com.automation.actions.CommandActions.clickButton(CommandActions.java:28)
	at com.automation.steps.SearchSteps.i_click_on(SearchSteps.java:37)
	at ?.I click on &quot;Gym tab&quot;(file:src/test/resources/features/userSearchesNearestGym.feature:5)
?[0m
    ?[36mAnd ?[0m?[36mI find and click on the link &quot;?[0m?[36m?[1mjoin a gym?[0m?[36m&quot;?[0m               ?[90m# SearchSteps.i_find_and_click_on_the_link(String)?[0m
    ?[36mAnd ?[0m?[36mI input &quot;?[0m?[36m?[1mSE1 9AA?[0m?[36m&quot; to the field &quot;?[0m?[36m?[1mSearch Gym?[0m?[36m&quot;?[0m             ?[90m# SearchSteps.i_input_to_the_field(String,String)?[0m
    ?[36mAnd ?[0m?[36mI can see the link with text &quot;?[0m?[36m?[1marrange a visit?[0m?[36m&quot;?[0m          ?[90m# SearchSteps.i_can_see_the_link_with_text(String)?[0m

?[31mFailed scenarios:?[0m
?[31msrc/test/resources/features/userSearchesNearestGym.feature:3 ?[0m# I search my postocde

1 Scenarios (?[31m1 failed?[0m)
5 Steps (?[31m1 failed?[0m, ?[36m3 skipped?[0m, ?[32m1 passed?[0m)
0m12.967s

org.openqa.selenium.ElementClickInterceptedException: element click intercepted: Element &lt;a id=&quot;0000014c-faaa-d922-a7ed-fbef5a7f0000&quot; href=&quot;#&quot; class=&quot;nav__link&quot;&gt;...&lt;/a&gt; is not clickable at point (702, 66). Other element would receive the click: &lt;div id=&quot;ccc-overlay&quot;&gt;&lt;/div&gt;
  (Session info: chrome=98.0.4758.102)
Build info: version: '3.141.59', revision: 'e82be7d358', time: '2018-11-14T08:17:03'
System info: host: 'LAPTOP-U223GGUJ', ip: '192.168.56.1', os.name: 'Windows 10', os.arch: 'x86', os.version: '10.0', java.version: '1.8.0-332'
Driver info: org.openqa.selenium.chrome.ChromeDriver
Capabilities {acceptInsecureCerts: false, browserName: chrome, browserVersion: 98.0.4758.102, chrome: {chromedriverVersion: 98.0.4758.102 (273bf7ac8c90..., userDataDir: C:\Users\Jamzy\AppData\Loca...}, goog:chromeOptions: {debuggerAddress: localhost:51706}, javascriptEnabled: true, networkConnectionEnabled: false, pageLoadStrategy: normal, platform: WINDOWS, platformName: WINDOWS, proxy: Proxy(), setWindowRect: true, strictFileInteractability: false, timeouts: {implicit: 0, pageLoad: 300000, script: 30000}, unhandledPromptBehavior: dismiss and notify, webauthn:extension:credBlob: true, webauthn:extension:largeBlob: true, webauthn:virtualAuthenticators: true}
Session ID: 60a6eb5585da78a6d941cac802a9a784
	at sun.reflect.NativeConstructorAccessorImpl.newInstance0(Native Method)
	at sun.reflect.NativeConstructorAccessorImpl.newInstance(NativeConstructorAccessorImpl.java:62)
	at sun.reflect.DelegatingConstructorAccessorImpl.newInstance(DelegatingConstructorAccessorImpl.java:45)
	at java.lang.reflect.Constructor.newInstance(Constructor.java:423)
	at org.openqa.selenium.remote.http.W3CHttpResponseCodec.createException(W3CHttpResponseCodec.java:187)
	at org.openqa.selenium.remote.http.W3CHttpResponseCodec.decode(W3CHttpResponseCodec.java:122)
	at org.openqa.selenium.remote.http.W3CHttpResponseCodec.decode(W3CHttpResponseCodec.java:49)
	at org.openqa.selenium.remote.HttpCommandExecutor.execute(HttpCommandExecutor.java:158)
	at org.openqa.selenium.remote.service.DriverCommandExecutor.execute(DriverCommandExecutor.java:83)
	at org.openqa.selenium.remote.RemoteWebDriver.execute(RemoteWebDriver.java:552)
	at org.openqa.selenium.remote.RemoteWebElement.execute(RemoteWebElement.java:285)
	at org.openqa.selenium.remote.RemoteWebElement.click(RemoteWebElement.java:84)
	at com.automation.actions.CommandActions.clickButton(CommandActions.java:28)
	at com.automation.steps.SearchSteps.i_click_on(SearchSteps.java:37)
	at ?.I click on &quot;Gym tab&quot;(file:src/test/resources/features/userSearchesNearestGym.feature:5)

</pre>
</span>
</div>
</div>
<div id="footer">
<p>
<div>
<label class="hidden" id="label-for-line-wrapping-toggle" for="line-wrapping-toggle">Wrap lines
<input id="line-wrapping-toggle" type="checkbox" autocomplete="off"/>
</label>
</div>Generated by 
<a href="http://www.gradle.org">Gradle 4.0</a> at 23-May-2022 18:40:46</p>
</div>
</div>
</body>
</html>
